[2m2025-12-01T09:06:37.009859Z[0m [[32m[1minfo     [0m] [1mStarting log server on http://[::]:8793[0m [[0m[1m[34mairflow.utils.serve_logs.core[0m][0m [36mloc[0m=[35mcore.py:50[0m
WARNING:  ASGI app factory detected. Using it, but please consider setting the --factory flag explicitly.
INFO:     Started server process [7664]
INFO:     Waiting for application startup.
INFO:     Application startup complete.
INFO:     Uvicorn running on http://:8793 (Press CTRL+C to quit)
Traceback (most recent call last):
  File "/home/mnmohamed/airflow_env/lib/python3.12/site-packages/sqlalchemy/engine/base.py", line 1910, in _execute_context
    self.dialect.do_execute(
  File "/home/mnmohamed/airflow_env/lib/python3.12/site-packages/sqlalchemy/engine/default.py", line 736, in do_execute
    cursor.execute(statement, parameters)
sqlite3.OperationalError: database is locked

The above exception was the direct cause of the following exception:

Traceback (most recent call last):
  File "/home/mnmohamed/airflow_env/bin/airflow", line 8, in <module>
    sys.exit(main())
             ^^^^^^
  File "/home/mnmohamed/airflow_env/lib/python3.12/site-packages/airflow/__main__.py", line 55, in main
    args.func(args)
  File "/home/mnmohamed/airflow_env/lib/python3.12/site-packages/airflow/cli/cli_config.py", line 49, in command
    return func(*args, **kwargs)
           ^^^^^^^^^^^^^^^^^^^^^
  File "/home/mnmohamed/airflow_env/lib/python3.12/site-packages/airflow/utils/cli.py", line 114, in wrapper
    return f(*args, **kwargs)
           ^^^^^^^^^^^^^^^^^^
  File "/home/mnmohamed/airflow_env/lib/python3.12/site-packages/airflow/utils/providers_configuration_loader.py", line 54, in wrapped_function
    return func(*args, **kwargs)
           ^^^^^^^^^^^^^^^^^^^^^
  File "/home/mnmohamed/airflow_env/lib/python3.12/site-packages/airflow/cli/commands/scheduler_command.py", line 52, in scheduler
    run_command_with_daemon_option(
  File "/home/mnmohamed/airflow_env/lib/python3.12/site-packages/airflow/cli/commands/daemon_utils.py", line 81, in run_command_with_daemon_option
    callback()
  File "/home/mnmohamed/airflow_env/lib/python3.12/site-packages/airflow/cli/commands/scheduler_command.py", line 55, in <lambda>
    callback=lambda: _run_scheduler_job(args),
                     ^^^^^^^^^^^^^^^^^^^^^^^^
  File "/home/mnmohamed/airflow_env/lib/python3.12/site-packages/airflow/cli/commands/scheduler_command.py", line 43, in _run_scheduler_job
    run_job(job=job_runner.job, execute_callable=job_runner._execute)
  File "/home/mnmohamed/airflow_env/lib/python3.12/site-packages/airflow/utils/session.py", line 100, in wrapper
    return func(*args, session=session, **kwargs)
           ^^^^^^^^^^^^^^^^^^^^^^^^^^^^^^^^^^^^^^
  File "/home/mnmohamed/airflow_env/lib/python3.12/site-packages/airflow/jobs/job.py", line 366, in run_job
    job.prepare_for_execution(session=session)
  File "/home/mnmohamed/airflow_env/lib/python3.12/site-packages/airflow/utils/session.py", line 98, in wrapper
    return func(*args, **kwargs)
           ^^^^^^^^^^^^^^^^^^^^^
  File "/home/mnmohamed/airflow_env/lib/python3.12/site-packages/airflow/jobs/job.py", line 290, in prepare_for_execution
    session.commit()
  File "/home/mnmohamed/airflow_env/lib/python3.12/site-packages/sqlalchemy/orm/session.py", line 1454, in commit
    self._transaction.commit(_to_root=self.future)
  File "/home/mnmohamed/airflow_env/lib/python3.12/site-packages/sqlalchemy/orm/session.py", line 832, in commit
    self._prepare_impl()
  File "/home/mnmohamed/airflow_env/lib/python3.12/site-packages/sqlalchemy/orm/session.py", line 811, in _prepare_impl
    self.session.flush()
  File "/home/mnmohamed/airflow_env/lib/python3.12/site-packages/sqlalchemy/orm/session.py", line 3449, in flush
    self._flush(objects)
  File "/home/mnmohamed/airflow_env/lib/python3.12/site-packages/sqlalchemy/orm/session.py", line 3588, in _flush
    with util.safe_reraise():
  File "/home/mnmohamed/airflow_env/lib/python3.12/site-packages/sqlalchemy/util/langhelpers.py", line 70, in __exit__
    compat.raise_(
  File "/home/mnmohamed/airflow_env/lib/python3.12/site-packages/sqlalchemy/util/compat.py", line 211, in raise_
    raise exception
  File "/home/mnmohamed/airflow_env/lib/python3.12/site-packages/sqlalchemy/orm/session.py", line 3549, in _flush
    flush_context.execute()
  File "/home/mnmohamed/airflow_env/lib/python3.12/site-packages/sqlalchemy/orm/unitofwork.py", line 456, in execute
    rec.execute(self)
  File "/home/mnmohamed/airflow_env/lib/python3.12/site-packages/sqlalchemy/orm/unitofwork.py", line 630, in execute
    util.preloaded.orm_persistence.save_obj(
  File "/home/mnmohamed/airflow_env/lib/python3.12/site-packages/sqlalchemy/orm/persistence.py", line 245, in save_obj
    _emit_insert_statements(
  File "/home/mnmohamed/airflow_env/lib/python3.12/site-packages/sqlalchemy/orm/persistence.py", line 1238, in _emit_insert_statements
    result = connection._execute_20(
             ^^^^^^^^^^^^^^^^^^^^^^^
  File "/home/mnmohamed/airflow_env/lib/python3.12/site-packages/sqlalchemy/engine/base.py", line 1710, in _execute_20
    return meth(self, args_10style, kwargs_10style, execution_options)
           ^^^^^^^^^^^^^^^^^^^^^^^^^^^^^^^^^^^^^^^^^^^^^^^^^^^^^^^^^^^
  File "/home/mnmohamed/airflow_env/lib/python3.12/site-packages/sqlalchemy/sql/elements.py", line 334, in _execute_on_connection
    return connection._execute_clauseelement(
           ^^^^^^^^^^^^^^^^^^^^^^^^^^^^^^^^^^
  File "/home/mnmohamed/airflow_env/lib/python3.12/site-packages/sqlalchemy/engine/base.py", line 1577, in _execute_clauseelement
    ret = self._execute_context(
          ^^^^^^^^^^^^^^^^^^^^^^
  File "/home/mnmohamed/airflow_env/lib/python3.12/site-packages/sqlalchemy/engine/base.py", line 1953, in _execute_context
    self._handle_dbapi_exception(
  File "/home/mnmohamed/airflow_env/lib/python3.12/site-packages/sqlalchemy/engine/base.py", line 2134, in _handle_dbapi_exception
    util.raise_(
  File "/home/mnmohamed/airflow_env/lib/python3.12/site-packages/sqlalchemy/util/compat.py", line 211, in raise_
    raise exception
  File "/home/mnmohamed/airflow_env/lib/python3.12/site-packages/sqlalchemy/engine/base.py", line 1910, in _execute_context
    self.dialect.do_execute(
  File "/home/mnmohamed/airflow_env/lib/python3.12/site-packages/sqlalchemy/engine/default.py", line 736, in do_execute
    cursor.execute(statement, parameters)
sqlalchemy.exc.OperationalError: (sqlite3.OperationalError) database is locked
[SQL: INSERT INTO job (dag_id, state, job_type, start_date, end_date, latest_heartbeat, executor_class, hostname, unixname) VALUES (?, ?, ?, ?, ?, ?, ?, ?, ?)]
[parameters: (None, <JobState.RUNNING: 'running'>, 'SchedulerJob', '2025-12-01 09:06:37.006017', None, '2025-12-01 09:06:36.629285', None, 'Nasser.localdomain', 'mnmohamed')]
(Background on this error at: https://sqlalche.me/e/14/e3q8)
INFO:     Shutting down
INFO:     Waiting for application shutdown.
INFO:     Application shutdown complete.
INFO:     Finished server process [7664]
Terminating on signal 15
